[05-Jul-2020 20:22:01 -0400]: <b1f9e729> In migration: 0000-dbinit
[05-Jul-2020 20:22:01 -0400]: <b1f9e729> Found 7 matches
[05-Jul-2020 20:22:01 -0400]: <b1f9e729> In migration: 0000-sample
[05-Jul-2020 20:22:01 -0400]: <b1f9e729> Found 1 matches
[05-Jul-2020 20:22:01 -0400]: <b1f9e729> In migration: 0001-categories
[05-Jul-2020 20:22:01 -0400]: <b1f9e729> Found 1 matches
[05-Jul-2020 20:22:01 -0400]: <b1f9e729> In migration: 0002-increasetextfieldlengths
[05-Jul-2020 20:22:01 -0400]: <b1f9e729> Found 7 matches
[05-Jul-2020 20:22:01 -0400]: <b1f9e729> In migration: 0003-fixtimestampdefaultvalue
[05-Jul-2020 20:22:01 -0400]: <b1f9e729> Found 1 matches
[05-Jul-2020 20:22:01 -0400]: <b1f9e729> In migration: 0004-fixtimestampdefaultvalue
[05-Jul-2020 20:22:01 -0400]: <b1f9e729> Found 1 matches
[05-Jul-2020 20:22:01 -0400]: <b1f9e729> In migration: 0005-changemysqlut8toutf8mb4
[05-Jul-2020 20:22:01 -0400]: <b1f9e729> Found 1 matches
[14-Jul-2020 23:32:02 -0400]: <e65c7ae3> In migration: 0000-dbinit
[14-Jul-2020 23:32:02 -0400]: <e65c7ae3> Found 7 matches
[14-Jul-2020 23:32:02 -0400]: <e65c7ae3> In migration: 0000-sample
[14-Jul-2020 23:32:02 -0400]: <e65c7ae3> Found 1 matches
[14-Jul-2020 23:32:02 -0400]: <e65c7ae3> In migration: 0001-categories
[14-Jul-2020 23:32:02 -0400]: <e65c7ae3> Found 1 matches
[14-Jul-2020 23:32:02 -0400]: <e65c7ae3> In migration: 0002-increasetextfieldlengths
[14-Jul-2020 23:32:02 -0400]: <e65c7ae3> Found 7 matches
[14-Jul-2020 23:32:02 -0400]: <e65c7ae3> In migration: 0003-fixtimestampdefaultvalue
[14-Jul-2020 23:32:02 -0400]: <e65c7ae3> Found 1 matches
[14-Jul-2020 23:32:02 -0400]: <e65c7ae3> In migration: 0004-fixtimestampdefaultvalue
[14-Jul-2020 23:32:02 -0400]: <e65c7ae3> Found 1 matches
[14-Jul-2020 23:32:02 -0400]: <e65c7ae3> In migration: 0005-changemysqlut8toutf8mb4
[14-Jul-2020 23:32:02 -0400]: <e65c7ae3> Found 1 matches
[13-Aug-2020 02:45:43 -0400]: <037ad917> In migration: 0000-dbinit
[13-Aug-2020 02:45:43 -0400]: <037ad917> Found 7 matches
[13-Aug-2020 02:45:43 -0400]: <037ad917> In migration: 0000-sample
[13-Aug-2020 02:45:43 -0400]: <037ad917> Found 1 matches
[13-Aug-2020 02:45:43 -0400]: <037ad917> In migration: 0001-categories
[13-Aug-2020 02:45:43 -0400]: <037ad917> Found 1 matches
[13-Aug-2020 02:45:43 -0400]: <037ad917> In migration: 0002-increasetextfieldlengths
[13-Aug-2020 02:45:43 -0400]: <037ad917> Found 7 matches
[13-Aug-2020 02:45:43 -0400]: <037ad917> In migration: 0003-fixtimestampdefaultvalue
[13-Aug-2020 02:45:43 -0400]: <037ad917> Found 1 matches
[13-Aug-2020 02:45:43 -0400]: <037ad917> In migration: 0004-fixtimestampdefaultvalue
[13-Aug-2020 02:45:43 -0400]: <037ad917> Found 1 matches
[13-Aug-2020 02:45:44 -0400]: <037ad917> In migration: 0005-changemysqlut8toutf8mb4
[13-Aug-2020 02:45:44 -0400]: <037ad917> Found 1 matches
[13-Aug-2020 02:47:46 -0400]: <2576220e> In migration: 0000-dbinit
[13-Aug-2020 02:47:46 -0400]: <2576220e> Found 7 matches
[13-Aug-2020 02:47:46 -0400]: <2576220e> In migration: 0000-sample
[13-Aug-2020 02:47:46 -0400]: <2576220e> Found 1 matches
[13-Aug-2020 02:47:46 -0400]: <2576220e> In migration: 0001-categories
[13-Aug-2020 02:47:46 -0400]: <2576220e> Found 1 matches
[13-Aug-2020 02:47:46 -0400]: <2576220e> In migration: 0002-increasetextfieldlengths
[13-Aug-2020 02:47:46 -0400]: <2576220e> Found 7 matches
[13-Aug-2020 02:47:46 -0400]: <2576220e> In migration: 0003-fixtimestampdefaultvalue
[13-Aug-2020 02:47:46 -0400]: <2576220e> Found 1 matches
[13-Aug-2020 02:47:46 -0400]: <2576220e> In migration: 0004-fixtimestampdefaultvalue
[13-Aug-2020 02:47:46 -0400]: <2576220e> Found 1 matches
[13-Aug-2020 02:47:46 -0400]: <2576220e> In migration: 0005-changemysqlut8toutf8mb4
[13-Aug-2020 02:47:46 -0400]: <2576220e> Found 1 matches
[15-Aug-2020 14:04:00 -0400]: <9efad728> In migration: 0000-dbinit
[15-Aug-2020 14:04:00 -0400]: <9efad728> Found 7 matches
[15-Aug-2020 14:04:00 -0400]: <9efad728> In migration: 0000-sample
[15-Aug-2020 14:04:00 -0400]: <9efad728> Found 1 matches
[15-Aug-2020 14:04:00 -0400]: <9efad728> In migration: 0001-categories
[15-Aug-2020 14:04:00 -0400]: <9efad728> Found 1 matches
[15-Aug-2020 14:04:00 -0400]: <9efad728> In migration: 0002-increasetextfieldlengths
[15-Aug-2020 14:04:00 -0400]: <9efad728> Found 7 matches
[15-Aug-2020 14:04:01 -0400]: <9efad728> In migration: 0003-fixtimestampdefaultvalue
[15-Aug-2020 14:04:01 -0400]: <9efad728> Found 1 matches
[15-Aug-2020 14:04:01 -0400]: <9efad728> In migration: 0004-fixtimestampdefaultvalue
[15-Aug-2020 14:04:01 -0400]: <9efad728> Found 1 matches
[15-Aug-2020 14:04:01 -0400]: <9efad728> In migration: 0005-changemysqlut8toutf8mb4
[15-Aug-2020 14:04:01 -0400]: <9efad728> Found 1 matches
[15-Aug-2020 14:19:59 -0400]: <20bd6f18> In migration: 0000-dbinit
[15-Aug-2020 14:19:59 -0400]: <20bd6f18> Found 7 matches
[15-Aug-2020 14:19:59 -0400]: <20bd6f18> In migration: 0000-sample
[15-Aug-2020 14:19:59 -0400]: <20bd6f18> Found 1 matches
[15-Aug-2020 14:19:59 -0400]: <20bd6f18> In migration: 0001-categories
[15-Aug-2020 14:19:59 -0400]: <20bd6f18> Found 1 matches
[15-Aug-2020 14:19:59 -0400]: <20bd6f18> In migration: 0002-increasetextfieldlengths
[15-Aug-2020 14:19:59 -0400]: <20bd6f18> Found 7 matches
[15-Aug-2020 14:19:59 -0400]: <20bd6f18> In migration: 0003-fixtimestampdefaultvalue
[15-Aug-2020 14:19:59 -0400]: <20bd6f18> Found 1 matches
[15-Aug-2020 14:19:59 -0400]: <20bd6f18> In migration: 0004-fixtimestampdefaultvalue
[15-Aug-2020 14:19:59 -0400]: <20bd6f18> Found 1 matches
[15-Aug-2020 14:19:59 -0400]: <20bd6f18> In migration: 0005-changemysqlut8toutf8mb4
[15-Aug-2020 14:19:59 -0400]: <20bd6f18> Found 1 matches
[15-Aug-2020 14:20:14 -0400]: <446f06e6> In migration: 0000-dbinit
[15-Aug-2020 14:20:14 -0400]: <446f06e6> Found 7 matches
[15-Aug-2020 14:20:14 -0400]: <446f06e6> In migration: 0000-sample
[15-Aug-2020 14:20:14 -0400]: <446f06e6> Found 1 matches
[15-Aug-2020 14:20:14 -0400]: <446f06e6> In migration: 0001-categories
[15-Aug-2020 14:20:14 -0400]: <446f06e6> Found 1 matches
[15-Aug-2020 14:20:14 -0400]: <446f06e6> In migration: 0002-increasetextfieldlengths
[15-Aug-2020 14:20:14 -0400]: <446f06e6> Found 7 matches
[15-Aug-2020 14:20:14 -0400]: <446f06e6> In migration: 0003-fixtimestampdefaultvalue
[15-Aug-2020 14:20:14 -0400]: <446f06e6> Found 1 matches
[15-Aug-2020 14:20:14 -0400]: <446f06e6> In migration: 0004-fixtimestampdefaultvalue
[15-Aug-2020 14:20:14 -0400]: <446f06e6> Found 1 matches
[15-Aug-2020 14:20:14 -0400]: <446f06e6> In migration: 0005-changemysqlut8toutf8mb4
[15-Aug-2020 14:20:14 -0400]: <446f06e6> Found 1 matches
[15-Aug-2020 16:40:28 -0400]: <bd17c8a6> In migration: 0000-dbinit
[15-Aug-2020 16:40:28 -0400]: <bd17c8a6> Found 7 matches
[15-Aug-2020 16:40:28 -0400]: <bd17c8a6> In migration: 0000-sample
[15-Aug-2020 16:40:28 -0400]: <bd17c8a6> Found 1 matches
[15-Aug-2020 16:40:28 -0400]: <bd17c8a6> In migration: 0001-categories
[15-Aug-2020 16:40:28 -0400]: <bd17c8a6> Found 1 matches
[15-Aug-2020 16:40:28 -0400]: <bd17c8a6> In migration: 0002-increasetextfieldlengths
[15-Aug-2020 16:40:28 -0400]: <bd17c8a6> Found 7 matches
[15-Aug-2020 16:40:28 -0400]: <bd17c8a6> In migration: 0003-fixtimestampdefaultvalue
[15-Aug-2020 16:40:28 -0400]: <bd17c8a6> Found 1 matches
[15-Aug-2020 16:40:28 -0400]: <bd17c8a6> In migration: 0004-fixtimestampdefaultvalue
[15-Aug-2020 16:40:28 -0400]: <bd17c8a6> Found 1 matches
[15-Aug-2020 16:40:28 -0400]: <bd17c8a6> In migration: 0005-changemysqlut8toutf8mb4
[15-Aug-2020 16:40:28 -0400]: <bd17c8a6> Found 1 matches
[09-Apr-2021 08:28:48 -0400]: <d4a3aa7e> In migration: 0000-dbinit
[09-Apr-2021 08:28:48 -0400]: <d4a3aa7e> Found 7 matches
[09-Apr-2021 08:28:48 -0400]: <d4a3aa7e> In migration: 0000-sample
[09-Apr-2021 08:28:48 -0400]: <d4a3aa7e> Found 1 matches
[09-Apr-2021 08:28:48 -0400]: <d4a3aa7e> In migration: 0001-categories
[09-Apr-2021 08:28:48 -0400]: <d4a3aa7e> Found 1 matches
[09-Apr-2021 08:28:48 -0400]: <d4a3aa7e> In migration: 0002-increasetextfieldlengths
[09-Apr-2021 08:28:48 -0400]: <d4a3aa7e> Found 7 matches
[09-Apr-2021 08:28:48 -0400]: <d4a3aa7e> In migration: 0003-fixtimestampdefaultvalue
[09-Apr-2021 08:28:48 -0400]: <d4a3aa7e> Found 1 matches
[09-Apr-2021 08:28:48 -0400]: <d4a3aa7e> In migration: 0004-fixtimestampdefaultvalue
[09-Apr-2021 08:28:48 -0400]: <d4a3aa7e> Found 1 matches
[09-Apr-2021 08:28:48 -0400]: <d4a3aa7e> In migration: 0005-changemysqlut8toutf8mb4
[09-Apr-2021 08:28:48 -0400]: <d4a3aa7e> Found 1 matches
[03-Jan-2022 16:17:26 -0500]: <ee9c7987> In migration: 0000-dbinit
[03-Jan-2022 16:17:26 -0500]: <ee9c7987> Found 7 matches
[03-Jan-2022 16:17:26 -0500]: <ee9c7987> In migration: 0000-sample
[03-Jan-2022 16:17:26 -0500]: <ee9c7987> Found 1 matches
[03-Jan-2022 16:17:26 -0500]: <ee9c7987> In migration: 0001-categories
[03-Jan-2022 16:17:26 -0500]: <ee9c7987> Found 1 matches
[03-Jan-2022 16:17:26 -0500]: <ee9c7987> In migration: 0002-increasetextfieldlengths
[03-Jan-2022 16:17:26 -0500]: <ee9c7987> Found 7 matches
[03-Jan-2022 16:17:26 -0500]: <ee9c7987> In migration: 0003-fixtimestampdefaultvalue
[03-Jan-2022 16:17:26 -0500]: <ee9c7987> Found 1 matches
[03-Jan-2022 16:17:26 -0500]: <ee9c7987> In migration: 0004-fixtimestampdefaultvalue
[03-Jan-2022 16:17:26 -0500]: <ee9c7987> Found 1 matches
[03-Jan-2022 16:17:26 -0500]: <ee9c7987> In migration: 0005-changemysqlut8toutf8mb4
[03-Jan-2022 16:17:26 -0500]: <ee9c7987> Found 1 matches
