[13-Aug-2020 02:48:47 -0400]: <bb2a3b80> PHP Error: Request security check failed (POST /cpsess6696308774/3rdparty/roundcube/index.php?_task=mail&_action=refresh)
[14-Aug-2020 06:57:13 -0400]: <f244b2d1> PHP Error: Request security check failed (POST /cpsess0230366181/3rdparty/roundcube/index.php?_task=mail&_action=refresh)
[14-Aug-2020 06:57:21 -0400]: <f244b2d1> PHP Error: Request security check failed (POST /cpsess0230366181/3rdparty/roundcube/index.php?_task=mail&_action=refresh)
[14-Aug-2020 06:57:29 -0400]: <f244b2d1> PHP Error: Request security check failed (POST /cpsess0230366181/3rdparty/roundcube/index.php?_task=mail&_action=refresh)
[15-Aug-2020 14:32:14 -0400]: <57aa42d0> PHP Error: Request security check failed (POST /cpsess6994101135/3rdparty/roundcube/index.php?_task=mail&_action=refresh)
[15-Aug-2020 14:33:47 -0400]: <84e6ad85> PHP Error: Request security check failed (POST /cpsess6994101135/3rdparty/roundcube/index.php?_task=mail&_action=refresh)
[27-Oct-2020 17:38:47 -0400]: <a56e6e90> PHP Error: Request security check failed (POST /cpsess0690834170/3rdparty/roundcube/index.php?_task=mail&_action=refresh)
[27-Oct-2020 17:38:53 -0400]: <a56e6e90> PHP Error: Request security check failed (POST /cpsess0690834170/3rdparty/roundcube/index.php?_task=mail&_action=refresh)
[27-Oct-2020 17:39:01 -0400]: <a56e6e90> PHP Error: Request security check failed (POST /cpsess0690834170/3rdparty/roundcube/index.php?_task=mail&_action=refresh)
[27-Oct-2020 17:39:49 -0400]: <5a097fb3> PHP Error: Request security check failed (POST /cpsess0690834170/3rdparty/roundcube/index.php?_task=mail&_action=refresh)
[27-Oct-2020 17:39:55 -0400]: <5a097fb3> PHP Error: Request security check failed (POST /cpsess0690834170/3rdparty/roundcube/index.php?_task=mail&_action=refresh)
[27-Oct-2020 17:40:03 -0400]: <5a097fb3> PHP Error: Request security check failed (POST /cpsess0690834170/3rdparty/roundcube/index.php?_task=mail&_action=refresh)
[27-Oct-2020 17:40:09 -0400]: <5a097fb3> PHP Error: Request security check failed (POST /cpsess0690834170/3rdparty/roundcube/index.php?_task=mail&_action=refresh)
[27-Oct-2020 17:40:12 -0400]: <5a097fb3> PHP Error: Request security check failed (POST /cpsess0690834170/3rdparty/roundcube/index.php?_task=mail&_action=check-recent)
[27-Oct-2020 17:40:39 -0400]: <0ab3b147> PHP Error: Request security check failed (POST /cpsess0690834170/3rdparty/roundcube/index.php?_task=mail&_action=refresh)
[27-Oct-2020 17:40:51 -0400]: <eed61381> PHP Error: Request security check failed (POST /cpsess0690834170/3rdparty/roundcube/index.php?_task=mail&_action=refresh)
[27-Oct-2020 17:40:57 -0400]: <eed61381> PHP Error: Request security check failed (POST /cpsess0690834170/3rdparty/roundcube/index.php?_task=mail&_action=refresh)
[27-Oct-2020 17:41:05 -0400]: <eed61381> PHP Error: Request security check failed (POST /cpsess0690834170/3rdparty/roundcube/index.php?_task=mail&_action=refresh)
[27-Oct-2020 17:41:11 -0400]: <eed61381> PHP Error: Request security check failed (POST /cpsess0690834170/3rdparty/roundcube/index.php?_task=mail&_action=refresh)
[27-Oct-2020 17:41:15 -0400]: <eed61381> PHP Error: Request security check failed (POST /cpsess0690834170/3rdparty/roundcube/index.php?_task=mail&_action=refresh)
[27-Oct-2020 17:41:32 -0400]: <eed61381> PHP Error: Request security check failed (POST /cpsess0690834170/3rdparty/roundcube/index.php?_task=mail&_action=refresh)
[27-Oct-2020 17:41:39 -0400]: <eed61381> PHP Error: Request security check failed (POST /cpsess0690834170/3rdparty/roundcube/index.php?_task=mail&_action=refresh)
[27-Oct-2020 17:41:41 -0400]: <eed61381> PHP Error: Request security check failed (POST /cpsess0690834170/3rdparty/roundcube/index.php?_task=mail&_action=refresh)
[27-Oct-2020 17:45:58 -0400]: <dc55a051> PHP Error: Request security check failed (POST /cpsess0690834170/3rdparty/roundcube/index.php?_task=mail&_action=check-recent)
[27-Oct-2020 17:46:18 -0400]: <3be6f969> PHP Error: Request security check failed (POST /cpsess0690834170/3rdparty/roundcube/index.php?_task=mail&_action=check-recent)
[27-Oct-2020 17:47:29 -0400]: <b07561df> PHP Error: Request security check failed (POST /cpsess0690834170/3rdparty/roundcube/index.php?_task=mail&_action=refresh)
[27-Oct-2020 17:48:14 -0400]: <0fad0094> PHP Error: Request security check failed (POST /cpsess0690834170/3rdparty/roundcube/index.php?_task=mail&_action=refresh)
[27-Oct-2020 17:48:25 -0400]: <0fad0094> PHP Error: Request security check failed (POST /cpsess0690834170/3rdparty/roundcube/index.php?_task=mail&_action=refresh)
[27-Oct-2020 17:48:31 -0400]: <0fad0094> PHP Error: Request security check failed (POST /cpsess0690834170/3rdparty/roundcube/index.php?_task=mail&_action=refresh)
[27-Oct-2020 17:49:56 -0400]: <0b6b5011> PHP Error: Request security check failed (POST /cpsess0690834170/3rdparty/roundcube/index.php?_task=mail&_action=refresh)
[27-Oct-2020 17:50:10 -0400]: <0b6b5011> PHP Error: Request security check failed (POST /cpsess0690834170/3rdparty/roundcube/index.php?_task=mail&_action=refresh)
[27-Oct-2020 17:50:35 -0400]: <b1ea31f4> PHP Error: Request security check failed (POST /cpsess0690834170/3rdparty/roundcube/index.php?_task=mail&_action=refresh)
[27-Oct-2020 17:50:58 -0400]: <b1ea31f4> PHP Error: Request security check failed (POST /cpsess0690834170/3rdparty/roundcube/index.php?_task=mail&_action=refresh)
[27-Oct-2020 17:51:12 -0400]: <72a72614> PHP Error: Request security check failed (POST /cpsess0690834170/3rdparty/roundcube/index.php?_task=mail&_action=refresh)
[27-Oct-2020 17:51:33 -0400]: <72a72614> PHP Error: Request security check failed (POST /cpsess0690834170/3rdparty/roundcube/index.php?_task=mail&_action=refresh)
[27-Oct-2020 17:51:36 -0400]: <72a72614> PHP Error: Request security check failed (POST /cpsess0690834170/3rdparty/roundcube/index.php?_task=mail&_action=refresh)
[27-Oct-2020 17:56:12 -0400]: <0d1bf068> PHP Error: Request security check failed (POST /cpsess0690834170/3rdparty/roundcube/index.php?_task=mail&_action=refresh)
[17-Dec-2020 13:51:19 -0500]: <a93d7672> PHP Error: Request security check failed (POST /cpsess5305141313/3rdparty/roundcube/index.php?_task=mail&_action=refresh)
[27-Feb-2021 14:35:41 -0500]: <b6e65dc1> PHP Error: Request security check failed (POST /cpsess7576210743/3rdparty/roundcube/index.php?_task=mail&_action=refresh)
[27-Feb-2021 14:35:59 -0500]: <b6e65dc1> PHP Error: Request security check failed (POST /cpsess7576210743/3rdparty/roundcube/index.php?_task=mail&_action=check-recent)
[27-Feb-2021 14:36:24 -0500]: <b6e65dc1> PHP Error: Request security check failed (POST /cpsess7576210743/3rdparty/roundcube/index.php?_task=mail&_action=refresh)
[09-Apr-2021 08:30:39 -0400]: <fa890ac1> PHP Error: Request security check failed (POST /cpsess6374328630/3rdparty/roundcube/index.php?_task=mail&_action=refresh)
[09-Apr-2021 08:32:47 -0400]: <b031383e> PHP Error: Request security check failed (POST /cpsess6374328630/3rdparty/roundcube/index.php?_task=mail&_action=refresh)
[13-Jun-2021 16:56:00 -0400]: <da8633f2> PHP Error: Request security check failed (POST /cpsess1400691967/3rdparty/roundcube/index.php?_task=mail&_action=check-recent)
[13-Jun-2021 16:57:15 -0400]: <d2e56c09> PHP Error: Request security check failed (POST /cpsess1400691967/3rdparty/roundcube/index.php?_task=mail&_action=refresh)
[13-Jun-2021 23:34:39 -0400]: <b96462b1> PHP Error: Request security check failed (POST /cpsess1400691967/3rdparty/roundcube/index.php?_task=mail&_action=refresh)
[14-Jun-2021 00:57:31 -0400]: <d5a0c55b> PHP Error: Request security check failed (POST /cpsess1400691967/3rdparty/roundcube/index.php?_task=mail&_action=refresh)
[14-Jun-2021 04:27:15 -0400]: <ae5aae53> PHP Error: Request security check failed (POST /cpsess1400691967/3rdparty/roundcube/index.php?_task=mail&_action=refresh)
[14-Jun-2021 12:09:29 -0400]: <669b99e0> PHP Error: Request security check failed (POST /cpsess1400691967/3rdparty/roundcube/index.php?_task=mail&_action=refresh)
[14-Jun-2021 13:15:30 -0400]: <6be00ddc> PHP Error: Request security check failed (POST /cpsess1400691967/3rdparty/roundcube/index.php?_task=mail&_action=refresh)
[14-Jun-2021 13:55:07 -0400]: <4ec8e872> PHP Error: Request security check failed (POST /cpsess1400691967/3rdparty/roundcube/index.php?_task=mail&_action=refresh)
[14-Jun-2021 15:58:01 -0400]: <fbff8cda> PHP Error: Request security check failed (POST /cpsess1400691967/3rdparty/roundcube/index.php?_task=mail&_action=refresh)
[01-Jul-2021 05:01:19 -0400]: <af15abd5> PHP Error: Request security check failed (POST /cpsess1007928042/3rdparty/roundcube/index.php?_task=mail&_action=refresh)
[01-Jul-2021 05:01:30 -0400]: <af15abd5> PHP Error: Request security check failed (POST /cpsess1007928042/3rdparty/roundcube/index.php?_task=mail&_action=refresh)
[01-Jul-2021 05:01:35 -0400]: <af15abd5> PHP Error: Request security check failed (POST /cpsess1007928042/3rdparty/roundcube/index.php?_task=mail&_action=refresh)
[01-Jul-2021 05:01:44 -0400]: <af15abd5> PHP Error: Request security check failed (POST /cpsess1007928042/3rdparty/roundcube/index.php?_task=mail&_action=refresh)
[02-Dec-2021 08:42:17 -0500]: <3c29d8ae> PHP Error: Request security check failed (POST /cpsess2948777889/3rdparty/roundcube/index.php?_task=mail&_action=refresh)
[21-Jan-2022 14:44:37 -0500]: <8e505af2> PHP Error: Request security check failed (POST /cpsess7590385189/3rdparty/roundcube/index.php?_task=mail&_action=refresh)
[21-Jan-2022 14:51:13 -0500]: <1afec1f1> PHP Error: Request security check failed (POST /cpsess7590385189/3rdparty/roundcube/index.php?_task=mail&_action=refresh)
[21-Jan-2022 14:51:46 -0500]: <42c7e0dd> PHP Error: Request security check failed (POST /cpsess7590385189/3rdparty/roundcube/index.php?_task=mail&_action=refresh)
[21-Jan-2022 14:52:13 -0500]: <42c7e0dd> PHP Error: Request security check failed (POST /cpsess7590385189/3rdparty/roundcube/index.php?_task=mail&_action=refresh)
[21-Jan-2022 14:52:14 -0500]: <42c7e0dd> PHP Error: Request security check failed (POST /cpsess7590385189/3rdparty/roundcube/index.php?_task=mail&_action=refresh)
[21-Jan-2022 14:52:27 -0500]: <42c7e0dd> PHP Error: Request security check failed (POST /cpsess7590385189/3rdparty/roundcube/index.php?_task=mail&_action=refresh)
[02-Feb-2022 13:00:17 -0500]: <cbed5c5d> PHP Error: Request security check failed (POST /cpsess4711690943/3rdparty/roundcube/index.php?_task=mail&_action=refresh)
[02-Feb-2022 14:36:44 -0500]: <0e462503> PHP Error: Request security check failed (POST /cpsess4711690943/3rdparty/roundcube/index.php?_task=mail&_action=refresh)
[02-Feb-2022 15:50:45 -0500]: <0fa0568e> PHP Error: Request security check failed (POST /cpsess4711690943/3rdparty/roundcube/index.php?_task=mail&_action=refresh)
[02-Feb-2022 16:29:21 -0500]: <2b81b6f4> PHP Error: Request security check failed (POST /cpsess4711690943/3rdparty/roundcube/index.php?_task=mail&_action=refresh)
